<?xml version="1.0" encoding="UTF-8"?>
<testsuite name="com.gcpdemo.poc.PocApplicationTests" tests="1" skipped="0" failures="0" errors="0" timestamp="2019-07-17T05:26:09" hostname="SEZT1FF191VIDYO" time="0.124">
  <properties/>
  <testcase name="contextLoads" classname="com.gcpdemo.poc.PocApplicationTests" time="0.124"/>
  <system-out><![CDATA[10:56:06.909 [Test worker] DEBUG org.springframework.test.context.junit4.SpringJUnit4ClassRunner - SpringJUnit4ClassRunner constructor called with [class com.gcpdemo.poc.PocApplicationTests]
10:56:06.915 [Test worker] DEBUG org.springframework.test.context.BootstrapUtils - Instantiating CacheAwareContextLoaderDelegate from class [org.springframework.test.context.cache.DefaultCacheAwareContextLoaderDelegate]
10:56:06.921 [Test worker] DEBUG org.springframework.test.context.BootstrapUtils - Instantiating BootstrapContext using constructor [public org.springframework.test.context.support.DefaultBootstrapContext(java.lang.Class,org.springframework.test.context.CacheAwareContextLoaderDelegate)]
10:56:06.934 [Test worker] DEBUG org.springframework.test.context.BootstrapUtils - Instantiating TestContextBootstrapper for test class [com.gcpdemo.poc.PocApplicationTests] from class [org.springframework.boot.test.context.SpringBootTestContextBootstrapper]
10:56:06.942 [Test worker] INFO org.springframework.boot.test.context.SpringBootTestContextBootstrapper - Neither @ContextConfiguration nor @ContextHierarchy found for test class [com.gcpdemo.poc.PocApplicationTests], using SpringBootContextLoader
10:56:06.944 [Test worker] DEBUG org.springframework.test.context.support.AbstractContextLoader - Did not detect default resource location for test class [com.gcpdemo.poc.PocApplicationTests]: class path resource [com/gcpdemo/poc/PocApplicationTests-context.xml] does not exist
10:56:06.945 [Test worker] DEBUG org.springframework.test.context.support.AbstractContextLoader - Did not detect default resource location for test class [com.gcpdemo.poc.PocApplicationTests]: class path resource [com/gcpdemo/poc/PocApplicationTestsContext.groovy] does not exist
10:56:06.945 [Test worker] INFO org.springframework.test.context.support.AbstractContextLoader - Could not detect default resource locations for test class [com.gcpdemo.poc.PocApplicationTests]: no resource found for suffixes {-context.xml, Context.groovy}.
10:56:06.945 [Test worker] INFO org.springframework.test.context.support.AnnotationConfigContextLoaderUtils - Could not detect default configuration classes for test class [com.gcpdemo.poc.PocApplicationTests]: PocApplicationTests does not declare any static, non-private, non-final, nested classes annotated with @Configuration.
10:56:06.973 [Test worker] DEBUG org.springframework.test.context.support.ActiveProfilesUtils - Could not find an 'annotation declaring class' for annotation type [org.springframework.test.context.ActiveProfiles] and class [com.gcpdemo.poc.PocApplicationTests]
10:56:07.028 [Test worker] DEBUG org.springframework.context.annotation.ClassPathScanningCandidateComponentProvider - Identified candidate component class: file [F:\Chandra\Work_Status\July\17_July\gcppoc\build\classes\java\main\com\gcpdemo\poc\PocApplication.class]
10:56:07.028 [Test worker] INFO org.springframework.boot.test.context.SpringBootTestContextBootstrapper - Found @SpringBootConfiguration com.gcpdemo.poc.PocApplication for test class com.gcpdemo.poc.PocApplicationTests
10:56:07.098 [Test worker] DEBUG org.springframework.boot.test.context.SpringBootTestContextBootstrapper - @TestExecutionListeners is not present for class [com.gcpdemo.poc.PocApplicationTests]: using defaults.
10:56:07.099 [Test worker] INFO org.springframework.boot.test.context.SpringBootTestContextBootstrapper - Loaded default TestExecutionListener class names from location [META-INF/spring.factories]: [org.springframework.boot.test.autoconfigure.restdocs.RestDocsTestExecutionListener, org.springframework.boot.test.autoconfigure.web.client.MockRestServiceServerResetTestExecutionListener, org.springframework.boot.test.autoconfigure.web.servlet.MockMvcPrintOnlyOnFailureTestExecutionListener, org.springframework.boot.test.autoconfigure.web.servlet.WebDriverTestExecutionListener, org.springframework.boot.test.mock.mockito.MockitoTestExecutionListener, org.springframework.boot.test.mock.mockito.ResetMocksTestExecutionListener, org.springframework.test.context.web.ServletTestExecutionListener, org.springframework.test.context.support.DirtiesContextBeforeModesTestExecutionListener, org.springframework.test.context.support.DependencyInjectionTestExecutionListener, org.springframework.test.context.support.DirtiesContextTestExecutionListener, org.springframework.test.context.transaction.TransactionalTestExecutionListener, org.springframework.test.context.jdbc.SqlScriptsTestExecutionListener]
10:56:07.109 [Test worker] DEBUG org.springframework.boot.test.context.SpringBootTestContextBootstrapper - Skipping candidate TestExecutionListener [org.springframework.test.context.transaction.TransactionalTestExecutionListener] due to a missing dependency. Specify custom listener classes or make the default listener classes and their required dependencies available. Offending class: [org/springframework/transaction/interceptor/TransactionAttributeSource]
10:56:07.109 [Test worker] DEBUG org.springframework.boot.test.context.SpringBootTestContextBootstrapper - Skipping candidate TestExecutionListener [org.springframework.test.context.jdbc.SqlScriptsTestExecutionListener] due to a missing dependency. Specify custom listener classes or make the default listener classes and their required dependencies available. Offending class: [org/springframework/transaction/interceptor/TransactionAttribute]
10:56:07.109 [Test worker] INFO org.springframework.boot.test.context.SpringBootTestContextBootstrapper - Using TestExecutionListeners: [org.springframework.test.context.web.ServletTestExecutionListener@115f3a79, org.springframework.test.context.support.DirtiesContextBeforeModesTestExecutionListener@276a05da, org.springframework.boot.test.mock.mockito.MockitoTestExecutionListener@1a8d63e2, org.springframework.boot.test.autoconfigure.SpringBootDependencyInjectionTestExecutionListener@60e40678, org.springframework.test.context.support.DirtiesContextTestExecutionListener@80064ef, org.springframework.boot.test.autoconfigure.restdocs.RestDocsTestExecutionListener@7fb3e4e0, org.springframework.boot.test.autoconfigure.web.client.MockRestServiceServerResetTestExecutionListener@ed00a87, org.springframework.boot.test.autoconfigure.web.servlet.MockMvcPrintOnlyOnFailureTestExecutionListener@4ec70ae3, org.springframework.boot.test.autoconfigure.web.servlet.WebDriverTestExecutionListener@456b38c8, org.springframework.boot.test.mock.mockito.ResetMocksTestExecutionListener@251f5061]
10:56:07.111 [Test worker] DEBUG org.springframework.test.annotation.ProfileValueUtils - Retrieved @ProfileValueSourceConfiguration [null] for test class [com.gcpdemo.poc.PocApplicationTests]
10:56:07.112 [Test worker] DEBUG org.springframework.test.annotation.ProfileValueUtils - Retrieved ProfileValueSource type [class org.springframework.test.annotation.SystemProfileValueSource] for class [com.gcpdemo.poc.PocApplicationTests]
10:56:07.112 [Test worker] DEBUG org.springframework.test.annotation.ProfileValueUtils - Retrieved @ProfileValueSourceConfiguration [null] for test class [com.gcpdemo.poc.PocApplicationTests]
10:56:07.112 [Test worker] DEBUG org.springframework.test.annotation.ProfileValueUtils - Retrieved ProfileValueSource type [class org.springframework.test.annotation.SystemProfileValueSource] for class [com.gcpdemo.poc.PocApplicationTests]
10:56:07.116 [Test worker] DEBUG org.springframework.test.context.support.AbstractDirtiesContextTestExecutionListener - Before test class: context [DefaultTestContext@4c3a39ba testClass = PocApplicationTests, testInstance = [null], testMethod = [null], testException = [null], mergedContextConfiguration = [WebMergedContextConfiguration@10bcb065 testClass = PocApplicationTests, locations = '{}', classes = '{class com.gcpdemo.poc.PocApplication}', contextInitializerClasses = '[]', activeProfiles = '{}', propertySourceLocations = '{}', propertySourceProperties = '{org.springframework.boot.test.context.SpringBootTestContextBootstrapper=true}', contextCustomizers = set[org.springframework.boot.test.autoconfigure.properties.PropertyMappingContextCustomizer@0, org.springframework.boot.test.autoconfigure.web.servlet.WebDriverContextCustomizerFactory$Customizer@36442d35, org.springframework.boot.test.context.filter.ExcludeFilterContextCustomizer@1fc5ccca, org.springframework.boot.test.json.DuplicateJsonObjectContextCustomizerFactory$DuplicateJsonObjectContextCustomizer@c192e0c, org.springframework.boot.test.mock.mockito.MockitoContextCustomizer@0, org.springframework.boot.test.web.client.TestRestTemplateContextCustomizer@7c86b832], resourceBasePath = 'src/main/webapp', contextLoader = 'org.springframework.boot.test.context.SpringBootContextLoader', parent = [null]], attributes = map['org.springframework.test.context.web.ServletTestExecutionListener.activateListener' -> true]], class annotated with @DirtiesContext [false] with mode [null].
10:56:07.116 [Test worker] DEBUG org.springframework.test.annotation.ProfileValueUtils - Retrieved @ProfileValueSourceConfiguration [null] for test class [com.gcpdemo.poc.PocApplicationTests]
10:56:07.116 [Test worker] DEBUG org.springframework.test.annotation.ProfileValueUtils - Retrieved ProfileValueSource type [class org.springframework.test.annotation.SystemProfileValueSource] for class [com.gcpdemo.poc.PocApplicationTests]
10:56:07.130 [Test worker] DEBUG org.springframework.test.context.support.TestPropertySourceUtils - Adding inlined properties to environment: {spring.jmx.enabled=false, org.springframework.boot.test.context.SpringBootTestContextBootstrapper=true, server.port=-1}

  .   ____          _            __ _ _
 /\\ / ___'_ __ _ _(_)_ __  __ _ \ \ \ \
( ( )\___ | '_ | '_| | '_ \/ _` | \ \ \ \
 \\/  ___)| |_)| | | | | || (_| |  ) ) ) )
  '  |____| .__|_| |_|_| |_\__, | / / / /
 =========|_|==============|___/=/_/_/_/
 :: Spring Boot ::        (v2.1.6.RELEASE)

2019-07-17 10:56:07.284  INFO 172 --- [    Test worker] com.gcpdemo.poc.PocApplicationTests      : Starting PocApplicationTests on SEZT1FF191VIDYO with PID 172 (started by Chandra.Pandey in F:\Chandra\Work_Status\July\17_July\gcppoc)
2019-07-17 10:56:07.285  INFO 172 --- [    Test worker] com.gcpdemo.poc.PocApplicationTests      : No active profile set, falling back to default profiles: default
2019-07-17 10:56:08.467  INFO 172 --- [    Test worker] o.s.s.concurrent.ThreadPoolTaskExecutor  : Initializing ExecutorService 'applicationTaskExecutor'
2019-07-17 10:56:09.025  INFO 172 --- [    Test worker] o.s.b.a.e.web.EndpointLinksResolver      : Exposing 16 endpoint(s) beneath base path '/actuator'
2019-07-17 10:56:09.073  INFO 172 --- [    Test worker] com.gcpdemo.poc.PocApplicationTests      : Started PocApplicationTests in 1.937 seconds (JVM running for 2.823)
]]></system-out>
  <system-err><![CDATA[]]></system-err>
</testsuite>
